<?xml version="1.0" encoding="UTF-8"?>
<!-- Generated by org.testng.reporters.JUnitReportReporter -->
<testsuite hostname="NikunjLaptop" name="testcases.CreateWolframAccountPage" tests="2" failures="0" timestamp="30 Oct 2015 23:46:09 GMT" time="46.340" errors="0">
  <testcase name="createWolframAccountPage" time="46.311" classname="testcases.CreateWolframAccountPage"/>
  <testcase name="checkTitleOfPage" time="0.029" classname="testcases.CreateWolframAccountPage"/>
</testsuite> <!-- testcases.CreateWolframAccountPage -->
