<?xml version="1.0" encoding="UTF-8"?>
<!-- Generated by org.testng.reporters.JUnitReportReporter -->
<testsuite hostname="NikunjLaptop" name="testcases.SignInUsingWolframId" tests="2" failures="0" timestamp="30 Oct 2015 23:46:09 GMT" time="13.027" errors="0">
  <testcase name="signInUsingWolframId" time="9.754" classname="testcases.SignInUsingWolframId"/>
  <testcase name="checkTitleOfThePage" time="3.273" classname="testcases.SignInUsingWolframId"/>
</testsuite> <!-- testcases.SignInUsingWolframId -->
