<?xml version="1.0" encoding="UTF-8"?>
<!-- Generated by org.testng.reporters.JUnitReportReporter -->
<testsuite hostname="NikunjLaptop" name="testcases.NewUserCreateWolframID" tests="2" failures="0" timestamp="30 Oct 2015 23:46:09 GMT" time="3.371" errors="0">
  <testcase name="checkTitleOfThePage" time="0.029" classname="testcases.NewUserCreateWolframID"/>
  <testcase name="newUserCreateWolframID" time="3.342" classname="testcases.NewUserCreateWolframID"/>
</testsuite> <!-- testcases.NewUserCreateWolframID -->
