<?xml version="1.0" encoding="UTF-8"?>
<!-- Generated by org.testng.reporters.JUnitReportReporter -->
<testsuite hostname="NikunjLaptop" name="testcases.NewUserCreateAccount" tests="1" failures="0" timestamp="30 Oct 2015 01:11:11 GMT" time="7.278" errors="0">
  <testcase name="newUserCreateAccount" time="7.278" classname="testcases.NewUserCreateAccount"/>
</testsuite> <!-- testcases.NewUserCreateAccount -->
