<?xml version="1.0" encoding="UTF-8"?>
<!-- Generated by org.testng.reporters.JUnitReportReporter -->
<testsuite hostname="NikunjLaptop" name="testcases.LogOutNewUser" tests="3" failures="0" timestamp="30 Oct 2015 23:46:09 GMT" time="4.953" errors="0">
  <testcase name="logoutNewUser" time="4.399" classname="testcases.LogOutNewUser"/>
  <testcase name="clickOnlogoutLinkNewUser" time="0.516" classname="testcases.LogOutNewUser"/>
  <testcase name="checkTitleOfPage" time="0.038" classname="testcases.LogOutNewUser"/>
</testsuite> <!-- testcases.LogOutNewUser -->
