<?xml version="1.0" encoding="UTF-8"?>
<!-- Generated by org.testng.reporters.JUnitReportReporter -->
<testsuite hostname="NikunjLaptop" name="testcases.WolframCloudTest" tests="1" failures="0" timestamp="30 Oct 2015 01:00:19 GMT" time="0.260" errors="0">
  <testcase name="openDevelopmentPlatform" time="0.260" classname="testcases.WolframCloudTest"/>
</testsuite> <!-- testcases.WolframCloudTest -->
