<?xml version="1.0" encoding="UTF-8"?>
<!-- Generated by org.testng.reporters.JUnitReportReporter -->
<testsuite hostname="NikunjLaptop" name="test.MainTestClass" tests="23" failures="0" timestamp="31 Oct 2015 15:22:04 GMT" time="101.587" errors="0">
  <testcase name="clickUnnamedTextField" time="3.726" classname="test.MainTestClass"/>
  <testcase name="navigateToWolframDevPlatformWithNewUser" time="0.293" classname="test.MainTestClass"/>
  <testcase name="clickOnLogoutLink" time="4.937" classname="test.MainTestClass"/>
  <testcase name="navigateToSignUpPage" time="8.005" classname="test.MainTestClass"/>
  <testcase name="fillTheSignInDetails" time="22.561" classname="test.MainTestClass"/>
  <testcase name="checkIfNewButtonExpendsToJavaScriptOption" time="0.070" classname="test.MainTestClass"/>
  <testcase name="logOutAgain" time="2.806" classname="test.MainTestClass"/>
  <testcase name="checkIfNewButtonExpendsToXMLOption" time="0.054" classname="test.MainTestClass"/>
  <testcase name="ClickOnUserIconAgain" time="0.271" classname="test.MainTestClass"/>
  <testcase name="launchTheApp" time="3.464" classname="test.MainTestClass"/>
  <testcase name="checkIfNewButtonExpendsToTextOption" time="0.056" classname="test.MainTestClass"/>
  <testcase name="shutTheBrowsers" time="0.825" classname="test.MainTestClass"/>
  <testcase name="clickOnUserIconLink" time="1.284" classname="test.MainTestClass"/>
  <testcase name="footerOnHomePage" time="0.487" classname="test.MainTestClass"/>
  <testcase name="clickNoteBookLink" time="10.915" classname="test.MainTestClass"/>
  <testcase name="fillTheSignUpForm" time="2.634" classname="test.MainTestClass"/>
  <testcase name="checkIfNewButtonExpendsToNoteBookOption" time="0.776" classname="test.MainTestClass"/>
  <testcase name="clickToCreateAccount" time="37.808" classname="test.MainTestClass"/>
  <testcase name="checkIfNewButtonExpendsToPackageOption" time="0.054" classname="test.MainTestClass"/>
  <testcase name="checkIfNewButtonExpendsHTMLOption" time="0.103" classname="test.MainTestClass"/>
  <testcase name="checkIfNewButtonExpendsToTemplateOption" time="0.068" classname="test.MainTestClass"/>
  <testcase name="navigateToWolframDevPlatform" time="0.282" classname="test.MainTestClass"/>
  <testcase name="checkIfNewButtonExpendsToCSSOption" time="0.108" classname="test.MainTestClass"/>
</testsuite> <!-- test.MainTestClass -->
