<?xml version="1.0" encoding="UTF-8"?>
<!-- Generated by org.testng.reporters.JUnitReportReporter -->
<testsuite hostname="NikunjLaptop" name="testcases.CreateNotebook" tests="1" failures="0" timestamp="30 Oct 2015 23:46:09 GMT" time="10.283" errors="0">
  <testcase name="clickOnNotebook" time="10.283" classname="testcases.CreateNotebook"/>
</testsuite> <!-- testcases.CreateNotebook -->
