<?xml version="1.0" encoding="UTF-8"?>
<!-- Generated by org.testng.reporters.JUnitReportReporter -->
<testsuite hostname="NikunjLaptop" name="testcases.FooterOnHomePage" tests="1" failures="0" timestamp="30 Oct 2015 23:46:09 GMT" time="0.387" errors="0">
  <testcase name="footerOnHomePage" time="0.387" classname="testcases.FooterOnHomePage"/>
</testsuite> <!-- testcases.FooterOnHomePage -->
