<?xml version="1.0" encoding="UTF-8"?>
<!-- Generated by org.testng.reporters.JUnitReportReporter -->
<testsuite hostname="NikunjLaptop" name="testcases.LogoutFromUnnamedPage" tests="3" failures="0" timestamp="30 Oct 2015 23:46:09 GMT" time="4.780" errors="0">
  <testcase name="logoutFromUnnamedPage" time="2.474" classname="testcases.LogoutFromUnnamedPage"/>
  <testcase name="clickOnLogoutLink" time="0.280" classname="testcases.LogoutFromUnnamedPage"/>
  <testcase name="checkTitleOfPage" time="2.026" classname="testcases.LogoutFromUnnamedPage"/>
</testsuite> <!-- testcases.LogoutFromUnnamedPage -->
