<?xml version="1.0" encoding="UTF-8"?>
<!-- Generated by org.testng.reporters.JUnitReportReporter -->
<testsuite hostname="NikunjLaptop" name="testcases.FooterOnSignInSignUpPage" tests="1" failures="0" timestamp="30 Oct 2015 23:46:09 GMT" time="4.453" errors="0">
  <testcase name="footerOnSignInSignUpPage" time="4.453" classname="testcases.FooterOnSignInSignUpPage"/>
</testsuite> <!-- testcases.FooterOnSignInSignUpPage -->
