<?xml version="1.0" encoding="UTF-8"?>
<!-- Generated by org.testng.reporters.JUnitReportReporter -->
<testsuite hostname="NikunjLaptop" name="testcases.CloseBrowsers" tests="1" failures="0" timestamp="30 Oct 2015 23:46:09 GMT" time="0.572" errors="0">
  <testcase name="closeAllTheBrowsers" time="0.572" classname="testcases.CloseBrowsers"/>
</testsuite> <!-- testcases.CloseBrowsers -->
