<?xml version="1.0" encoding="UTF-8"?>
<!-- Generated by org.testng.reporters.JUnitReportReporter -->
<testsuite hostname="NikunjLaptop" name="testcases.VerfiyDotNBExtension" tests="2" failures="0" timestamp="30 Oct 2015 23:46:09 GMT" time="4.278" errors="0">
  <testcase name="verfiyTextBoxEnables" time="4.211" classname="testcases.VerfiyDotNBExtension"/>
  <testcase name="verifyDotNBExtension" time="0.067" classname="testcases.VerfiyDotNBExtension"/>
</testsuite> <!-- testcases.VerfiyDotNBExtension -->
