<?xml version="1.0" encoding="UTF-8"?>
<!-- Generated by org.testng.reporters.JUnitReportReporter -->
<testsuite hostname="NikunjLaptop" name="testcases.HomeScreenTest" tests="11" failures="0" timestamp="30 Oct 2015 23:46:09 GMT" time="2.320" errors="0">
  <testcase name="checkIfXMLOptionPresent" time="0.074" classname="testcases.HomeScreenTest"/>
  <testcase name="checkIfNewButtonExpendsToDifferentFileOptions" time="1.521" classname="testcases.HomeScreenTest"/>
  <testcase name="homeScreenTitleTest" time="0.032" classname="testcases.HomeScreenTest"/>
  <testcase name="checkIfCSSOptionPresent" time="0.060" classname="testcases.HomeScreenTest"/>
  <testcase name="checkIfJavaScriptOptionPresent" time="0.062" classname="testcases.HomeScreenTest"/>
  <testcase name="checkIfPackageOptionPresent" time="0.063" classname="testcases.HomeScreenTest"/>
  <testcase name="checkIfTextOptionPresent" time="0.119" classname="testcases.HomeScreenTest"/>
  <testcase name="checkIfHTMLOptionPresent" time="0.063" classname="testcases.HomeScreenTest"/>
  <testcase name="checkIfNotepadOptionPresent" time="0.103" classname="testcases.HomeScreenTest"/>
  <testcase name="checkIfNewButtonExists" time="0.161" classname="testcases.HomeScreenTest"/>
  <testcase name="checkIfTemplateOptionPresent" time="0.062" classname="testcases.HomeScreenTest"/>
</testsuite> <!-- testcases.HomeScreenTest -->
