<?xml version="1.0" encoding="UTF-8"?>
<!-- Generated by org.testng.reporters.JUnitReportReporter -->
<testsuite hostname="NikunjLaptop" name="testcases.FooterTest" tests="1" failures="0" timestamp="30 Oct 2015 00:49:27 GMT" time="0.375" errors="0">
  <testcase name="footerExistsCheck" time="0.375" classname="testcases.FooterTest"/>
</testsuite> <!-- testcases.FooterTest -->
