<?xml version="1.0" encoding="UTF-8"?>
<!-- Generated by org.testng.reporters.JUnitReportReporter -->
<testsuite hostname="NikunjLaptop" name="testcases.FooterInIFrame" tests="1" failures="0" timestamp="30 Oct 2015 01:28:49 GMT" time="0.383" errors="0">
  <testcase name="footerExistsCheck" time="0.383" classname="testcases.FooterInIFrame"/>
</testsuite> <!-- testcases.FooterInIFrame -->
