<?xml version="1.0" encoding="UTF-8"?>
<!-- Generated by org.testng.reporters.JUnitReportReporter -->
<testsuite hostname="NikunjLaptop" name="testcases.OpenDevelopmentPlatform" tests="4" failures="0" timestamp="30 Oct 2015 23:46:09 GMT" time="0.748" errors="0">
  <testcase name="checkTitleOfWolframCloud" time="0.034" classname="testcases.OpenDevelopmentPlatform"/>
  <testcase name="openDevelopmentPlatform" time="0.238" classname="testcases.OpenDevelopmentPlatform"/>
  <testcase name="openDevelopmentPlatform" time="0.453" classname="testcases.OpenDevelopmentPlatform"/>
  <testcase name="checkTitleOfWolframCloud" time="0.023" classname="testcases.OpenDevelopmentPlatform"/>
</testsuite> <!-- testcases.OpenDevelopmentPlatform -->
