<?xml version="1.0" encoding="UTF-8"?>
<!-- Generated by org.testng.reporters.JUnitReportReporter -->
<testsuite hostname="NikunjLaptop" name="testcases.OpenSite" tests="1" failures="0" timestamp="30 Oct 2015 23:46:09 GMT" time="14.374" errors="0">
  <testcase name="openSite" time="14.374" classname="testcases.OpenSite"/>
</testsuite> <!-- testcases.OpenSite -->
